mode: set
github.com/Ulbora/go-oauth2-client/MockAuth2Service.go:21.55,25.2 3 1
github.com/Ulbora/go-oauth2-client/MockAuth2Service.go:28.62,30.2 1 1
github.com/Ulbora/go-oauth2-client/MockAuth2Service.go:45.48,49.2 3 1
github.com/Ulbora/go-oauth2-client/MockAuth2Service.go:52.52,54.2 1 1
github.com/Ulbora/go-oauth2-client/MockAuth2Service.go:57.59,59.2 1 1
github.com/Ulbora/go-oauth2-client/MockAuth2Service.go:75.51,79.2 3 1
github.com/Ulbora/go-oauth2-client/MockAuth2Service.go:82.58,84.2 1 1
github.com/Ulbora/go-oauth2-client/MockAuth2Service.go:96.59,100.2 3 1
github.com/Ulbora/go-oauth2-client/MockAuth2Service.go:103.70,105.2 1 1
github.com/Ulbora/go-oauth2-client/oauth2Service.go:28.51,32.2 3 1
github.com/Ulbora/go-oauth2-client/oauth2Service.go:35.58,38.25 3 1
github.com/Ulbora/go-oauth2-client/oauth2Service.go:46.2,47.12 2 1
github.com/Ulbora/go-oauth2-client/oauth2Service.go:38.25,41.3 2 0
github.com/Ulbora/go-oauth2-client/oauth2Service.go:41.8,45.3 2 1
github.com/Ulbora/go-oauth2-client/oauth2Service.go:77.44,81.2 3 1
github.com/Ulbora/go-oauth2-client/oauth2Service.go:84.48,86.25 2 1
github.com/Ulbora/go-oauth2-client/oauth2Service.go:92.2,95.16 4 1
github.com/Ulbora/go-oauth2-client/oauth2Service.go:101.2,103.54 3 1
github.com/Ulbora/go-oauth2-client/oauth2Service.go:111.2,111.12 1 1
github.com/Ulbora/go-oauth2-client/oauth2Service.go:86.25,88.3 1 0
github.com/Ulbora/go-oauth2-client/oauth2Service.go:88.8,91.3 1 1
github.com/Ulbora/go-oauth2-client/oauth2Service.go:95.16,100.3 4 0
github.com/Ulbora/go-oauth2-client/oauth2Service.go:103.54,106.19 3 1
github.com/Ulbora/go-oauth2-client/oauth2Service.go:106.19,109.4 2 0
github.com/Ulbora/go-oauth2-client/oauth2Service.go:115.55,117.25 2 1
github.com/Ulbora/go-oauth2-client/oauth2Service.go:125.2,126.16 2 1
github.com/Ulbora/go-oauth2-client/oauth2Service.go:130.2,132.54 3 1
github.com/Ulbora/go-oauth2-client/oauth2Service.go:140.2,140.12 1 1
github.com/Ulbora/go-oauth2-client/oauth2Service.go:117.25,119.3 1 0
github.com/Ulbora/go-oauth2-client/oauth2Service.go:119.8,122.3 1 1
github.com/Ulbora/go-oauth2-client/oauth2Service.go:126.16,129.3 2 0
github.com/Ulbora/go-oauth2-client/oauth2Service.go:132.54,135.19 3 1
github.com/Ulbora/go-oauth2-client/oauth2Service.go:135.19,138.4 2 0
github.com/Ulbora/go-oauth2-client/oauth2Service.go:161.47,165.2 3 1
github.com/Ulbora/go-oauth2-client/oauth2Service.go:168.54,171.25 3 1
github.com/Ulbora/go-oauth2-client/oauth2Service.go:178.2,179.12 2 1
github.com/Ulbora/go-oauth2-client/oauth2Service.go:171.25,173.3 1 0
github.com/Ulbora/go-oauth2-client/oauth2Service.go:173.8,177.3 2 1
github.com/Ulbora/go-oauth2-client/oauth2Service.go:196.55,200.2 3 1
github.com/Ulbora/go-oauth2-client/oauth2Service.go:203.66,205.25 2 1
github.com/Ulbora/go-oauth2-client/oauth2Service.go:213.2,214.16 2 1
github.com/Ulbora/go-oauth2-client/oauth2Service.go:218.2,220.54 3 1
github.com/Ulbora/go-oauth2-client/oauth2Service.go:228.2,228.12 1 1
github.com/Ulbora/go-oauth2-client/oauth2Service.go:205.25,207.3 1 0
github.com/Ulbora/go-oauth2-client/oauth2Service.go:207.8,210.3 1 1
github.com/Ulbora/go-oauth2-client/oauth2Service.go:214.16,217.3 2 0
github.com/Ulbora/go-oauth2-client/oauth2Service.go:220.54,223.19 3 1
github.com/Ulbora/go-oauth2-client/oauth2Service.go:223.19,226.4 2 0
