mode: set
github.com/Ulbora/go-oauth2-client/MockAuth2Service.go:21.59,23.2 1 0
github.com/Ulbora/go-oauth2-client/MockAuth2Service.go:26.60,28.2 1 0
github.com/Ulbora/go-oauth2-client/MockAuth2Service.go:31.56,33.2 1 0
github.com/Ulbora/go-oauth2-client/MockAuth2Service.go:36.56,38.2 1 0
github.com/Ulbora/go-oauth2-client/MockAuth2Service.go:41.56,43.2 1 0
github.com/Ulbora/go-oauth2-client/MockAuth2Service.go:46.60,48.2 1 0
github.com/Ulbora/go-oauth2-client/MockAuth2Service.go:51.57,53.2 1 0
github.com/Ulbora/go-oauth2-client/MockAuth2Service.go:56.63,58.2 1 0
github.com/Ulbora/go-oauth2-client/MockAuth2Service.go:61.55,65.2 3 1
github.com/Ulbora/go-oauth2-client/MockAuth2Service.go:68.62,70.2 1 1
github.com/Ulbora/go-oauth2-client/MockAuth2Service.go:85.55,87.2 1 0
github.com/Ulbora/go-oauth2-client/MockAuth2Service.go:90.56,92.2 1 0
github.com/Ulbora/go-oauth2-client/MockAuth2Service.go:95.52,97.2 1 0
github.com/Ulbora/go-oauth2-client/MockAuth2Service.go:100.51,102.2 1 0
github.com/Ulbora/go-oauth2-client/MockAuth2Service.go:105.50,107.2 1 0
github.com/Ulbora/go-oauth2-client/MockAuth2Service.go:110.57,112.2 1 0
github.com/Ulbora/go-oauth2-client/MockAuth2Service.go:115.56,117.2 1 0
github.com/Ulbora/go-oauth2-client/MockAuth2Service.go:120.48,124.2 3 1
github.com/Ulbora/go-oauth2-client/MockAuth2Service.go:127.52,129.2 1 1
github.com/Ulbora/go-oauth2-client/MockAuth2Service.go:132.59,134.2 1 1
github.com/Ulbora/go-oauth2-client/MockAuth2Service.go:150.59,152.2 1 0
github.com/Ulbora/go-oauth2-client/MockAuth2Service.go:155.60,157.2 1 0
github.com/Ulbora/go-oauth2-client/MockAuth2Service.go:160.56,162.2 1 0
github.com/Ulbora/go-oauth2-client/MockAuth2Service.go:165.56,167.2 1 0
github.com/Ulbora/go-oauth2-client/MockAuth2Service.go:170.56,172.2 1 0
github.com/Ulbora/go-oauth2-client/MockAuth2Service.go:175.60,177.2 1 0
github.com/Ulbora/go-oauth2-client/MockAuth2Service.go:180.57,182.2 1 0
github.com/Ulbora/go-oauth2-client/MockAuth2Service.go:185.63,187.2 1 0
github.com/Ulbora/go-oauth2-client/MockAuth2Service.go:190.51,194.2 3 1
github.com/Ulbora/go-oauth2-client/MockAuth2Service.go:197.58,199.2 1 1
github.com/Ulbora/go-oauth2-client/MockAuth2Service.go:211.64,213.2 1 0
github.com/Ulbora/go-oauth2-client/MockAuth2Service.go:216.61,218.2 1 0
github.com/Ulbora/go-oauth2-client/MockAuth2Service.go:221.60,223.2 1 0
github.com/Ulbora/go-oauth2-client/MockAuth2Service.go:226.65,228.2 1 0
github.com/Ulbora/go-oauth2-client/MockAuth2Service.go:231.59,235.2 3 1
github.com/Ulbora/go-oauth2-client/MockAuth2Service.go:238.70,240.2 1 1
github.com/Ulbora/go-oauth2-client/oauth2Service.go:36.55,38.2 1 0
github.com/Ulbora/go-oauth2-client/oauth2Service.go:41.56,43.2 1 0
github.com/Ulbora/go-oauth2-client/oauth2Service.go:46.52,48.2 1 0
github.com/Ulbora/go-oauth2-client/oauth2Service.go:51.52,53.2 1 0
github.com/Ulbora/go-oauth2-client/oauth2Service.go:56.52,58.2 1 0
github.com/Ulbora/go-oauth2-client/oauth2Service.go:61.56,63.2 1 0
github.com/Ulbora/go-oauth2-client/oauth2Service.go:66.53,68.2 1 0
github.com/Ulbora/go-oauth2-client/oauth2Service.go:71.59,73.2 1 0
github.com/Ulbora/go-oauth2-client/oauth2Service.go:76.51,80.2 3 1
github.com/Ulbora/go-oauth2-client/oauth2Service.go:83.58,86.25 3 1
github.com/Ulbora/go-oauth2-client/oauth2Service.go:94.2,95.12 2 1
github.com/Ulbora/go-oauth2-client/oauth2Service.go:86.25,89.3 2 0
github.com/Ulbora/go-oauth2-client/oauth2Service.go:89.8,93.3 2 1
github.com/Ulbora/go-oauth2-client/oauth2Service.go:123.51,125.2 1 0
github.com/Ulbora/go-oauth2-client/oauth2Service.go:128.52,130.2 1 0
github.com/Ulbora/go-oauth2-client/oauth2Service.go:133.48,135.2 1 1
github.com/Ulbora/go-oauth2-client/oauth2Service.go:138.47,140.2 1 0
github.com/Ulbora/go-oauth2-client/oauth2Service.go:143.46,145.2 1 0
github.com/Ulbora/go-oauth2-client/oauth2Service.go:148.53,150.2 1 0
github.com/Ulbora/go-oauth2-client/oauth2Service.go:153.52,155.2 1 0
github.com/Ulbora/go-oauth2-client/oauth2Service.go:167.44,171.2 3 1
github.com/Ulbora/go-oauth2-client/oauth2Service.go:174.48,176.25 2 1
github.com/Ulbora/go-oauth2-client/oauth2Service.go:182.2,185.16 4 1
github.com/Ulbora/go-oauth2-client/oauth2Service.go:191.2,193.54 3 1
github.com/Ulbora/go-oauth2-client/oauth2Service.go:201.2,201.12 1 1
github.com/Ulbora/go-oauth2-client/oauth2Service.go:176.25,178.3 1 0
github.com/Ulbora/go-oauth2-client/oauth2Service.go:178.8,181.3 1 1
github.com/Ulbora/go-oauth2-client/oauth2Service.go:185.16,190.3 4 0
github.com/Ulbora/go-oauth2-client/oauth2Service.go:193.54,196.19 3 1
github.com/Ulbora/go-oauth2-client/oauth2Service.go:196.19,199.4 2 0
github.com/Ulbora/go-oauth2-client/oauth2Service.go:205.55,207.25 2 1
github.com/Ulbora/go-oauth2-client/oauth2Service.go:215.2,216.16 2 1
github.com/Ulbora/go-oauth2-client/oauth2Service.go:220.2,222.54 3 1
github.com/Ulbora/go-oauth2-client/oauth2Service.go:230.2,230.12 1 1
github.com/Ulbora/go-oauth2-client/oauth2Service.go:207.25,209.3 1 0
github.com/Ulbora/go-oauth2-client/oauth2Service.go:209.8,212.3 1 1
github.com/Ulbora/go-oauth2-client/oauth2Service.go:216.16,219.3 2 0
github.com/Ulbora/go-oauth2-client/oauth2Service.go:222.54,225.19 3 1
github.com/Ulbora/go-oauth2-client/oauth2Service.go:225.19,228.4 2 0
github.com/Ulbora/go-oauth2-client/oauth2Service.go:259.55,261.2 1 0
github.com/Ulbora/go-oauth2-client/oauth2Service.go:264.56,266.2 1 0
github.com/Ulbora/go-oauth2-client/oauth2Service.go:269.52,271.2 1 0
github.com/Ulbora/go-oauth2-client/oauth2Service.go:274.52,276.2 1 0
github.com/Ulbora/go-oauth2-client/oauth2Service.go:279.52,281.2 1 0
github.com/Ulbora/go-oauth2-client/oauth2Service.go:284.56,286.2 1 0
github.com/Ulbora/go-oauth2-client/oauth2Service.go:289.53,291.2 1 0
github.com/Ulbora/go-oauth2-client/oauth2Service.go:294.59,296.2 1 0
github.com/Ulbora/go-oauth2-client/oauth2Service.go:299.47,303.2 3 1
github.com/Ulbora/go-oauth2-client/oauth2Service.go:306.54,309.25 3 1
github.com/Ulbora/go-oauth2-client/oauth2Service.go:316.2,317.12 2 1
github.com/Ulbora/go-oauth2-client/oauth2Service.go:309.25,311.3 1 0
github.com/Ulbora/go-oauth2-client/oauth2Service.go:311.8,315.3 2 1
github.com/Ulbora/go-oauth2-client/oauth2Service.go:338.60,340.2 1 0
github.com/Ulbora/go-oauth2-client/oauth2Service.go:343.57,345.2 1 0
github.com/Ulbora/go-oauth2-client/oauth2Service.go:348.56,350.2 1 0
github.com/Ulbora/go-oauth2-client/oauth2Service.go:353.61,355.2 1 0
github.com/Ulbora/go-oauth2-client/oauth2Service.go:358.55,362.2 3 1
github.com/Ulbora/go-oauth2-client/oauth2Service.go:365.66,367.25 2 1
github.com/Ulbora/go-oauth2-client/oauth2Service.go:375.2,376.16 2 1
github.com/Ulbora/go-oauth2-client/oauth2Service.go:380.2,382.54 3 1
github.com/Ulbora/go-oauth2-client/oauth2Service.go:390.2,390.12 1 1
github.com/Ulbora/go-oauth2-client/oauth2Service.go:367.25,369.3 1 0
github.com/Ulbora/go-oauth2-client/oauth2Service.go:369.8,372.3 1 1
github.com/Ulbora/go-oauth2-client/oauth2Service.go:376.16,379.3 2 0
github.com/Ulbora/go-oauth2-client/oauth2Service.go:382.54,385.19 3 1
github.com/Ulbora/go-oauth2-client/oauth2Service.go:385.19,388.4 2 0
